{
  "RSpec": {
    "coverage": {
      "/home/sh1mensoka/Desktop/projects/car_rental_test/spec/support/factory_bot.rb": {
        "lines": [
          null,
          null,
          1,
          1,
          null
        ]
      },
      "/home/sh1mensoka/Desktop/projects/car_rental_test/spec/helpers/redis_helper.rb": {
        "lines": [
          null,
          null,
          1,
          1,
          1,
          0,
          0,
          0,
          null,
          null,
          null,
          null,
          1,
          0,
          null,
          null,
          1,
          0,
          null,
          0,
          null,
          0,
          null,
          null,
          null,
          null
        ]
      },
      "/home/sh1mensoka/Desktop/projects/car_rental_test/spec/services/interactors/rents/finish_spec.rb": {
        "lines": [
          null,
          null,
          1,
          null,
          1,
          1,
          3,
          null,
          3,
          null,
          1,
          2,
          2,
          null,
          1,
          2,
          2,
          2,
          null,
          1,
          null,
          null,
          null,
          1,
          2,
          null,
          1,
          2,
          2,
          2,
          null,
          1,
          null,
          null,
          null,
          null,
          null,
          null,
          null,
          null,
          null,
          null
        ]
      },
      "/home/sh1mensoka/Desktop/projects/car_rental_test/app/services/interactors/rents/finish.rb": {
        "lines": [
          null,
          null,
          1,
          1,
          null,
          4,
          4,
          4,
          3,
          null,
          null,
          null,
          6,
          3,
          1,
          2,
          1,
          null,
          null,
          null
        ]
      },
      "/home/sh1mensoka/Desktop/projects/car_rental_test/app/services/interactors/base_interactor.rb": {
        "lines": [
          null,
          null,
          1,
          1,
          0,
          null,
          null,
          1,
          null,
          1,
          null,
          6,
          null,
          null,
          null,
          null,
          1,
          null,
          null,
          2,
          null,
          null,
          null,
          null,
          null,
          null
        ]
      },
      "/home/sh1mensoka/Desktop/projects/car_rental_test/spec/services/interactors/rents/start_spec.rb": {
        "lines": [
          null,
          null,
          1,
          null,
          1,
          1,
          3,
          null,
          3,
          3,
          null,
          1,
          2,
          null,
          1,
          2,
          null,
          2,
          null,
          1,
          null,
          null,
          null,
          1,
          2,
          null,
          1,
          2,
          null,
          2,
          null,
          1,
          null,
          null,
          null,
          null,
          null,
          null,
          null,
          null,
          null,
          null
        ]
      },
      "/home/sh1mensoka/Desktop/projects/car_rental_test/app/services/interactors/rents/start.rb": {
        "lines": [
          null,
          null,
          1,
          1,
          null,
          4,
          8,
          null,
          3,
          null,
          null,
          6,
          3,
          1,
          2,
          1,
          null,
          null,
          null
        ]
      },
      "/home/sh1mensoka/Desktop/projects/car_rental_test/app/models/rent.rb": {
        "lines": [
          null,
          null,
          1,
          1,
          null,
          1,
          1,
          null,
          1,
          1,
          1,
          null,
          1,
          1,
          null,
          null,
          null
        ]
      },
      "/home/sh1mensoka/Desktop/projects/car_rental_test/app/models/car.rb": {
        "lines": [
          null,
          null,
          1,
          1,
          null,
          1,
          1,
          null,
          1,
          1,
          1,
          null,
          1,
          1,
          null,
          null,
          1,
          1,
          null,
          null,
          1,
          1,
          null,
          null,
          1,
          1,
          null,
          null,
          null
        ]
      },
      "/home/sh1mensoka/Desktop/projects/car_rental_test/app/controllers/rents_controller.rb": {
        "lines": [
          null,
          null,
          1,
          1,
          1,
          null,
          1,
          2,
          null,
          2,
          null,
          null,
          1,
          2,
          null,
          2,
          null,
          null,
          1,
          null,
          1,
          7,
          null,
          null,
          1,
          1,
          null,
          null,
          null,
          3,
          null,
          null,
          1,
          1,
          null,
          null,
          null,
          3,
          null,
          null,
          1,
          4,
          4,
          null,
          0,
          null,
          null,
          null
        ]
      },
      "/home/sh1mensoka/Desktop/projects/car_rental_test/app/controllers/application_controller.rb": {
        "lines": [
          null,
          null,
          1,
          1,
          null
        ]
      },
      "/home/sh1mensoka/Desktop/projects/car_rental_test/app/serializers/rent_serializer.rb": {
        "lines": [
          null,
          null,
          1,
          1,
          1,
          1,
          null
        ]
      },
      "/home/sh1mensoka/Desktop/projects/car_rental_test/app/serializers/user_serializer.rb": {
        "lines": [
          null,
          null,
          1,
          1,
          null
        ]
      },
      "/home/sh1mensoka/Desktop/projects/car_rental_test/app/serializers/car_serializer.rb": {
        "lines": [
          null,
          null,
          1,
          1,
          null
        ]
      }
    },
    "timestamp": 1716155536
  }
}
